#
# There is insufficient memory for the Java Runtime Environment to continue.
# Native memory allocation (malloc) failed to allocate 327856 bytes for Chunk::new
# Possible reasons:
#   The system is out of physical RAM or swap space
#   The process is running with CompressedOops enabled, and the Java Heap may be blocking the growth of the native heap
# Possible solutions:
#   Reduce memory load on the system
#   Increase physical memory or swap space
#   Check if swap backing store is full
#   Decrease Java heap size (-Xmx/-Xms)
#   Decrease number of Java threads
#   Decrease Java thread stack sizes (-Xss)
#   Set larger code cache with -XX:ReservedCodeCacheSize=
#   JVM is running with Unscaled Compressed Oops mode in which the Java heap is
#     placed in the first 4GB address space. The Java Heap base address is the
#     maximum limit for the native heap growth. Please use -XX:HeapBaseMinAddress
#     to set the Java Heap base and to place the Java Heap above 4GB virtual address.
# This output file may be truncated or incomplete.
#
#  Out of Memory Error (allocation.cpp:389), pid=8756, tid=0x00000000000019c4
#
# JRE version: OpenJDK Runtime Environment (8.0_202-b03) (build 1.8.0_202-release-1483-b03)
# Java VM: OpenJDK 64-Bit Server VM (25.202-b03 mixed mode windows-amd64 compressed oops)
# Failed to write core dump. Minidumps are not enabled by default on client versions of Windows
#

---------------  T H R E A D  ---------------

Current thread (0x0000000015c9d800):  JavaThread "C2 CompilerThread1" daemon [_thread_in_native, id=6596, stack(0x0000000017400000,0x0000000017500000)]

Stack: [0x0000000017400000,0x0000000017500000]
[error occurred during error reporting (printing stack bounds), id 0xc0000005]

Native frames: (J=compiled Java code, j=interpreted, Vv=VM code, C=native code)


Current CompileTask:
C2:  29058 6889       4       sun.nio.fs.WindowsPathParser::normalize (233 bytes)


---------------  P R O C E S S  ---------------

Java Threads: ( => current thread )
  0x000000001b0df000 JavaThread "Execution worker for ':' Thread 3" [_thread_blocked, id=8260, stack(0x0000000022a50000,0x0000000022b50000)]
  0x000000001b0df800 JavaThread "Execution worker for ':' Thread 2" [_thread_in_native, id=15820, stack(0x0000000022950000,0x0000000022a50000)]
  0x000000001b0de000 JavaThread "Execution worker for ':'" [_thread_in_native, id=8116, stack(0x0000000022850000,0x0000000022950000)]
  0x000000001b0d6000 JavaThread "Memory manager" [_thread_blocked, id=11544, stack(0x0000000022350000,0x0000000022450000)]
  0x000000001b0d7800 JavaThread "Cache worker for Build Output Cleanup Cache (C:\Users\bhoos\AndroidStudioProjects\Smart BackRest\SmartBackRestFinalModified\.gradle\buildOutputCleanup)" [_thread_blocked, id=9892, stack(0x0000000021a50000,0x0000000021b50000)]
  0x000000001b0d6800 JavaThread "Build operations Thread 4" [_thread_blocked, id=15936, stack(0x0000000021350000,0x0000000021450000)]
  0x000000001b0dc000 JavaThread "Build operations Thread 3" [_thread_blocked, id=4416, stack(0x0000000021250000,0x0000000021350000)]
  0x000000001b0d4000 JavaThread "Build operations Thread 2" [_thread_blocked, id=1592, stack(0x0000000021150000,0x0000000021250000)]
  0x000000001b0da800 JavaThread "Build operations" [_thread_blocked, id=12172, stack(0x0000000021050000,0x0000000021150000)]
  0x000000001b0d5000 JavaThread "Cache worker for execution history cache (C:\Users\bhoos\.gradle\caches\5.4.1\executionHistory)" [_thread_in_Java, id=8832, stack(0x000000001fb30000,0x000000001fc30000)]
  0x000000001b0d8000 JavaThread "Cache worker for cache directory md-rule (C:\Users\bhoos\.gradle\caches\5.4.1\md-rule)" [_thread_blocked, id=6876, stack(0x000000001f830000,0x000000001f930000)]
  0x000000001b0db000 JavaThread "Cache worker for cache directory md-supplier (C:\Users\bhoos\.gradle\caches\5.4.1\md-supplier)" [_thread_blocked, id=2516, stack(0x000000001de70000,0x000000001df70000)]
  0x00000000189d5800 JavaThread "Cache worker for file hash cache (C:\Users\bhoos\AndroidStudioProjects\Smart BackRest\SmartBackRestFinalModified\.gradle\5.4.1\fileHashes)" [_thread_blocked, id=8420, stack(0x000000001cd90000,0x000000001ce90000)]
  0x00000000189d8000 JavaThread "Cache worker for journal cache (C:\Users\bhoos\.gradle\caches\journal-1)" [_thread_blocked, id=14460, stack(0x000000001a850000,0x000000001a950000)]
  0x00000000189da800 JavaThread "File lock request listener" [_thread_in_native, id=3956, stack(0x000000001a750000,0x000000001a850000)]
  0x00000000189d6800 JavaThread "Cache worker for file hash cache (C:\Users\bhoos\.gradle\caches\5.4.1\fileHashes)" [_thread_blocked, id=1448, stack(0x000000001a650000,0x000000001a750000)]
  0x0000000018172000 JavaThread "Thread-9" [_thread_blocked, id=6712, stack(0x000000001a550000,0x000000001a650000)]
  0x0000000017643000 JavaThread "Stdin handler" [_thread_blocked, id=14520, stack(0x000000001a450000,0x000000001a550000)]
  0x0000000017642000 JavaThread "Asynchronous log dispatcher for DefaultDaemonConnection: socket connection from /127.0.0.1:59717 to /127.0.0.1:59718" [_thread_blocked, id=9544, stack(0x000000001a350000,0x000000001a450000)]
  0x0000000017637800 JavaThread "Daemon worker" [_thread_in_Java, id=13668, stack(0x000000001a250000,0x000000001a350000)]
  0x00000000183fa800 JavaThread "Cancel handler" [_thread_blocked, id=2940, stack(0x000000001a150000,0x000000001a250000)]
  0x00000000183f2000 JavaThread "Handler for socket connection from /127.0.0.1:59717 to /127.0.0.1:59718" [_thread_in_native, id=7184, stack(0x0000000019e50000,0x0000000019f50000)]
  0x00000000183ef000 JavaThread "Daemon" [_thread_blocked, id=9136, stack(0x0000000019d50000,0x0000000019e50000)]
  0x00000000177e1000 JavaThread "Daemon periodic checks" [_thread_blocked, id=924, stack(0x0000000019c50000,0x0000000019d50000)]
  0x0000000017802000 JavaThread "Incoming local TCP Connector on port 59717" [_thread_in_native, id=11112, stack(0x0000000019a10000,0x0000000019b10000)]
  0x0000000018e61800 JavaThread "Daemon health stats" [_thread_blocked, id=12364, stack(0x00000000193d0000,0x00000000194d0000)]
  0x0000000015cfc800 JavaThread "Service Thread" daemon [_thread_blocked, id=12816, stack(0x0000000017a00000,0x0000000017b00000)]
  0x0000000017510800 JavaThread "C1 CompilerThread2" daemon [_thread_blocked, id=4308, stack(0x0000000017900000,0x0000000017a00000)]
=>0x0000000015c9d800 JavaThread "C2 CompilerThread1" daemon [_thread_in_native, id=6596, stack(0x0000000017400000,0x0000000017500000)]
  0x0000000015c9b000 JavaThread "C2 CompilerThread0" daemon [_thread_blocked, id=11864, stack(0x0000000017300000,0x0000000017400000)]
  0x0000000015ca5800 JavaThread "Attach Listener" daemon [_thread_blocked, id=15588, stack(0x0000000017200000,0x0000000017300000)]
  0x0000000015ca4800 JavaThread "Signal Dispatcher" daemon [_thread_blocked, id=6040, stack(0x0000000017100000,0x0000000017200000)]
  0x0000000002325000 JavaThread "Finalizer" daemon [_thread_blocked, id=12112, stack(0x0000000016f00000,0x0000000017000000)]
  0x0000000015c89000 JavaThread "Reference Handler" daemon [_thread_blocked, id=16128, stack(0x0000000016e00000,0x0000000016f00000)]
  0x00000000001dd800 JavaThread "main" [_thread_blocked, id=16212, stack(0x0000000002110000,0x0000000002210000)]

Other Threads:
  0x0000000015c66000 VMThread [stack: 0x0000000016d00000,0x0000000016e00000] [id=14208]
  0x0000000015cfd800 WatcherThread [stack: 0x0000000017b00000,0x0000000017c00000] [id=15040]

VM state:not at safepoint (normal execution)

VM Mutex/Monitor currently owned by a thread: None

heap address: 0x00000000a0000000, size: 1536 MB, Compressed Oops mode: 32-bit
Narrow klass base: 0x0000000000000000, Narrow klass shift: 3
Compressed class space size: 1073741824 Address: 0x0000000100000000

Heap:
 PSYoungGen      total 167424K, used 75591K [0x00000000e0000000, 0x00000000ee680000, 0x0000000100000000)
  eden space 155648K, 48% used [0x00000000e0000000,0x00000000e49d1f20,0x00000000e9800000)
  from space 11776K, 0% used [0x00000000eaa80000,0x00000000eaa80000,0x00000000eb600000)
  to   space 18944K, 0% used [0x00000000e9800000,0x00000000e9800000,0x00000000eaa80000)
 ParOldGen       total 79872K, used 38753K [0x00000000a0000000, 0x00000000a4e00000, 0x00000000e0000000)
  object space 79872K, 48% used [0x00000000a0000000,0x00000000a25d8460,0x00000000a4e00000)
 Metaspace       used 60209K, capacity 62242K, committed 62424K, reserved 1103872K
  class space    used 8190K, capacity 8681K, committed 8704K, reserved 1048576K

Card table byte_map: [0x00000000116f0000,0x0000000011a00000] byte_map_base: 0x00000000111f0000

Marking Bits: (ParMarkBitMap*) 0x000000005d7b9f30
 Begin Bits: [0x0000000012000000, 0x0000000013800000)
 End Bits:   [0x0000000013800000, 0x0000000015000000)

Polling page: 0x0000000000440000

CodeCache: size=245760Kb used=20132Kb max_used=20140Kb free=225627Kb
 bounds [0x0000000002330000, 0x0000000003700000, 0x0000000011330000]
 total_blobs=7009 nmethods=6205 adapters=717
 compilation: enabled

Compilation events (10 events):
Event: 29.011 Thread 0x0000000017510800 nmethod 6912 0x00000000036dc890 code [0x00000000036dca20, 0x00000000036dce28]
Event: 29.011 Thread 0x0000000017510800 6911       3       org.gradle.api.internal.artifacts.ivyservice.ivyresolve.RepositoryChainArtifactResolver::findSourceRepository (37 bytes)
Event: 29.012 Thread 0x0000000017510800 nmethod 6911 0x00000000036de3d0 code [0x00000000036de5a0, 0x00000000036ded68]
Event: 29.013 Thread 0x0000000017510800 6914       3       org.gradle.internal.component.external.model.DefaultModuleComponentIdentifier::toString (5 bytes)
Event: 29.013 Thread 0x0000000017510800 nmethod 6914 0x00000000036df6d0 code [0x00000000036df840, 0x00000000036dfa48]
Event: 29.014 Thread 0x0000000015c9b000 nmethod 6913 0x00000000036dded0 code [0x00000000036de020, 0x00000000036de238]
Event: 29.022 Thread 0x0000000017510800 6915       3       sun.nio.ch.IOUtil::readIntoNativeBuffer (137 bytes)
Event: 29.023 Thread 0x0000000017510800 nmethod 6915 0x00000000036e5910 code [0x00000000036e5ae0, 0x00000000036e64c8]
Event: 29.023 Thread 0x0000000017510800 6916   !   3       sun.nio.ch.IOUtil::read (93 bytes)
Event: 29.024 Thread 0x0000000017510800 nmethod 6916 0x00000000036e4b50 code [0x00000000036e4d40, 0x00000000036e55b8]

GC Heap History (10 events):
Event: 14.842 GC heap before
{Heap before GC invocations=11 (full 2):
 PSYoungGen      total 123392K, used 10720K [0x00000000e0000000, 0x00000000eb600000, 0x0000000100000000)
  eden space 112640K, 0% used [0x00000000e0000000,0x00000000e0000000,0x00000000e6e00000)
  from space 10752K, 99% used [0x00000000e6e00000,0x00000000e78782b8,0x00000000e7880000)
  to   space 11776K, 0% used [0x00000000eaa80000,0x00000000eaa80000,0x00000000eb600000)
 ParOldGen       total 53760K, used 8125K [0x00000000a0000000, 0x00000000a3480000, 0x00000000e0000000)
  object space 53760K, 15% used [0x00000000a0000000,0x00000000a07ef7b8,0x00000000a3480000)
 Metaspace       used 34483K, capacity 35240K, committed 35416K, reserved 1079296K
  class space    used 4744K, capacity 4971K, committed 4992K, reserved 1048576K
Event: 14.968 GC heap after
Heap after GC invocations=11 (full 2):
 PSYoungGen      total 123392K, used 0K [0x00000000e0000000, 0x00000000eb600000, 0x0000000100000000)
  eden space 112640K, 0% used [0x00000000e0000000,0x00000000e0000000,0x00000000e6e00000)
  from space 10752K, 0% used [0x00000000e6e00000,0x00000000e6e00000,0x00000000e7880000)
  to   space 11776K, 0% used [0x00000000eaa80000,0x00000000eaa80000,0x00000000eb600000)
 ParOldGen       total 79872K, used 17425K [0x00000000a0000000, 0x00000000a4e00000, 0x00000000e0000000)
  object space 79872K, 21% used [0x00000000a0000000,0x00000000a1104558,0x00000000a4e00000)
 Metaspace       used 34473K, capacity 35204K, committed 35416K, reserved 1079296K
  class space    used 4741K, capacity 4965K, committed 4992K, reserved 1048576K
}
Event: 18.515 GC heap before
{Heap before GC invocations=12 (full 2):
 PSYoungGen      total 123392K, used 112640K [0x00000000e0000000, 0x00000000eb600000, 0x0000000100000000)
  eden space 112640K, 100% used [0x00000000e0000000,0x00000000e6e00000,0x00000000e6e00000)
  from space 10752K, 0% used [0x00000000e6e00000,0x00000000e6e00000,0x00000000e7880000)
  to   space 11776K, 0% used [0x00000000eaa80000,0x00000000eaa80000,0x00000000eb600000)
 ParOldGen       total 79872K, used 17425K [0x00000000a0000000, 0x00000000a4e00000, 0x00000000e0000000)
  object space 79872K, 21% used [0x00000000a0000000,0x00000000a1104558,0x00000000a4e00000)
 Metaspace       used 45395K, capacity 46368K, committed 46808K, reserved 1089536K
  class space    used 6086K, capacity 6357K, committed 6400K, reserved 1048576K
Event: 18.546 GC heap after
Heap after GC invocations=12 (full 2):
 PSYoungGen      total 161280K, used 11771K [0x00000000e0000000, 0x00000000eb600000, 0x0000000100000000)
  eden space 149504K, 0% used [0x00000000e0000000,0x00000000e0000000,0x00000000e9200000)
  from space 11776K, 99% used [0x00000000eaa80000,0x00000000eb5fec18,0x00000000eb600000)
  to   space 14336K, 0% used [0x00000000e9a00000,0x00000000e9a00000,0x00000000ea800000)
 ParOldGen       total 79872K, used 20712K [0x00000000a0000000, 0x00000000a4e00000, 0x00000000e0000000)
  object space 79872K, 25% used [0x00000000a0000000,0x00000000a143a1f0,0x00000000a4e00000)
 Metaspace       used 45395K, capacity 46368K, committed 46808K, reserved 1089536K
  class space    used 6086K, capacity 6357K, committed 6400K, reserved 1048576K
}
Event: 23.140 GC heap before
{Heap before GC invocations=13 (full 2):
 PSYoungGen      total 161280K, used 161275K [0x00000000e0000000, 0x00000000eb600000, 0x0000000100000000)
  eden space 149504K, 100% used [0x00000000e0000000,0x00000000e9200000,0x00000000e9200000)
  from space 11776K, 99% used [0x00000000eaa80000,0x00000000eb5fec18,0x00000000eb600000)
  to   space 14336K, 0% used [0x00000000e9a00000,0x00000000e9a00000,0x00000000ea800000)
 ParOldGen       total 79872K, used 20712K [0x00000000a0000000, 0x00000000a4e00000, 0x00000000e0000000)
  object space 79872K, 25% used [0x00000000a0000000,0x00000000a143a1f0,0x00000000a4e00000)
 Metaspace       used 54305K, capacity 55748K, committed 55896K, reserved 1097728K
  class space    used 7322K, capacity 7696K, committed 7808K, reserved 1048576K
Event: 23.244 GC heap after
Heap after GC invocations=13 (full 2):
 PSYoungGen      total 163840K, used 14310K [0x00000000e0000000, 0x00000000eb600000, 0x0000000100000000)
  eden space 149504K, 0% used [0x00000000e0000000,0x00000000e0000000,0x00000000e9200000)
  from space 14336K, 99% used [0x00000000e9a00000,0x00000000ea7f9800,0x00000000ea800000)
  to   space 11776K, 0% used [0x00000000eaa80000,0x00000000eaa80000,0x00000000eb600000)
 ParOldGen       total 79872K, used 29723K [0x00000000a0000000, 0x00000000a4e00000, 0x00000000e0000000)
  object space 79872K, 37% used [0x00000000a0000000,0x00000000a1d06ea8,0x00000000a4e00000)
 Metaspace       used 54305K, capacity 55748K, committed 55896K, reserved 1097728K
  class space    used 7322K, capacity 7696K, committed 7808K, reserved 1048576K
}
Event: 26.023 GC heap before
{Heap before GC invocations=14 (full 2):
 PSYoungGen      total 163840K, used 86494K [0x00000000e0000000, 0x00000000eb600000, 0x0000000100000000)
  eden space 149504K, 48% used [0x00000000e0000000,0x00000000e467e390,0x00000000e9200000)
  from space 14336K, 99% used [0x00000000e9a00000,0x00000000ea7f9800,0x00000000ea800000)
  to   space 11776K, 0% used [0x00000000eaa80000,0x00000000eaa80000,0x00000000eb600000)
 ParOldGen       total 79872K, used 29723K [0x00000000a0000000, 0x00000000a4e00000, 0x00000000e0000000)
  object space 79872K, 37% used [0x00000000a0000000,0x00000000a1d06ea8,0x00000000a4e00000)
 Metaspace       used 57091K, capacity 58830K, committed 59028K, reserved 1099776K
  class space    used 7714K, capacity 8173K, committed 8192K, reserved 1048576K
Event: 26.053 GC heap after
Heap after GC invocations=14 (full 2):
 PSYoungGen      total 167424K, used 7796K [0x00000000e0000000, 0x00000000ee680000, 0x0000000100000000)
  eden space 155648K, 0% used [0x00000000e0000000,0x00000000e0000000,0x00000000e9800000)
  from space 11776K, 66% used [0x00000000eaa80000,0x00000000eb21d218,0x00000000eb600000)
  to   space 18944K, 0% used [0x00000000e9800000,0x00000000e9800000,0x00000000eaa80000)
 ParOldGen       total 79872K, used 39072K [0x00000000a0000000, 0x00000000a4e00000, 0x00000000e0000000)
  object space 79872K, 48% used [0x00000000a0000000,0x00000000a2628360,0x00000000a4e00000)
 Metaspace       used 57091K, capacity 58830K, committed 59028K, reserved 1099776K
  class space    used 7714K, capacity 8173K, committed 8192K, reserved 1048576K
}
Event: 26.053 GC heap before
{Heap before GC invocations=15 (full 3):
 PSYoungGen      total 167424K, used 7796K [0x00000000e0000000, 0x00000000ee680000, 0x0000000100000000)
  eden space 155648K, 0% used [0x00000000e0000000,0x00000000e0000000,0x00000000e9800000)
  from space 11776K, 66% used [0x00000000eaa80000,0x00000000eb21d218,0x00000000eb600000)
  to   space 18944K, 0% used [0x00000000e9800000,0x00000000e9800000,0x00000000eaa80000)
 ParOldGen       total 79872K, used 39072K [0x00000000a0000000, 0x00000000a4e00000, 0x00000000e0000000)
  object space 79872K, 48% used [0x00000000a0000000,0x00000000a2628360,0x00000000a4e00000)
 Metaspace       used 57091K, capacity 58830K, committed 59028K, reserved 1099776K
  class space    used 7714K, capacity 8173K, committed 8192K, reserved 1048576K
Event: 26.478 GC heap after
Heap after GC invocations=15 (full 3):
 PSYoungGen      total 167424K, used 0K [0x00000000e0000000, 0x00000000ee680000, 0x0000000100000000)
  eden space 155648K, 0% used [0x00000000e0000000,0x00000000e0000000,0x00000000e9800000)
  from space 11776K, 0% used [0x00000000eaa80000,0x00000000eaa80000,0x00000000eb600000)
  to   space 18944K, 0% used [0x00000000e9800000,0x00000000e9800000,0x00000000eaa80000)
 ParOldGen       total 79872K, used 38753K [0x00000000a0000000, 0x00000000a4e00000, 0x00000000e0000000)
  object space 79872K, 48% used [0x00000000a0000000,0x00000000a25d8460,0x00000000a4e00000)
 Metaspace       used 57091K, capacity 58830K, committed 59028K, reserved 1099776K
  class space    used 7714K, capacity 8173K, committed 8192K, reserved 1048576K
}

Deoptimization events (10 events):
Event: 27.480 Thread 0x0000000017637800 Uncommon trap: reason=class_check action=maybe_recompile pc=0x000000000330af9c method=java.util.Collections$SetFromMap.add(Ljava/lang/Object;)Z @ 8
Event: 27.480 Thread 0x000000001b0de000 Uncommon trap: reason=class_check action=maybe_recompile pc=0x000000000330af9c method=java.util.Collections$SetFromMap.add(Ljava/lang/Object;)Z @ 8
Event: 27.588 Thread 0x000000001b0df000 Uncommon trap: reason=class_check action=maybe_recompile pc=0x000000000330b314 method=java.util.Collections$SetFromMap.remove(Ljava/lang/Object;)Z @ 5
Event: 27.588 Thread 0x000000001b0de000 Uncommon trap: reason=class_check action=maybe_recompile pc=0x000000000330b314 method=java.util.Collections$SetFromMap.remove(Ljava/lang/Object;)Z @ 5
Event: 27.588 Thread 0x000000001b0df800 Uncommon trap: reason=class_check action=maybe_recompile pc=0x000000000330b314 method=java.util.Collections$SetFromMap.remove(Ljava/lang/Object;)Z @ 5
Event: 27.588 Thread 0x0000000017637800 Uncommon trap: reason=class_check action=maybe_recompile pc=0x000000000330b314 method=java.util.Collections$SetFromMap.remove(Ljava/lang/Object;)Z @ 5
Event: 27.590 Thread 0x0000000017637800 Uncommon trap: reason=unstable_if action=reinterpret pc=0x0000000002ea0110 method=java.util.concurrent.ConcurrentHashMap.addCount(JI)V @ 34
Event: 27.610 Thread 0x0000000017637800 Uncommon trap: reason=unstable_if action=reinterpret pc=0x0000000003061adc method=java.util.concurrent.ConcurrentHashMap.addCount(JI)V @ 7
Event: 27.610 Thread 0x0000000017637800 Uncommon trap: reason=unstable_if action=reinterpret pc=0x00000000027ba7f8 method=java.util.concurrent.ConcurrentHashMap.addCount(JI)V @ 7
Event: 28.760 Thread 0x000000001b0df800 Uncommon trap: reason=unstable_if action=reinterpret pc=0x0000000002f9acc4 method=java.util.concurrent.ConcurrentHashMap.get(Ljava/lang/Object;)Ljava/lang/Object; @ 86

Classes redefined (0 events):
No events

Internal exceptions (10 events):
Event: 24.355 Thread 0x0000000017637800 Exception <a 'java/lang/ClassNotFoundException': com/google/android/gms/dependencies/DependencyAnalyzerBeanInfo> (0x00000000e24d70d8) thrown at [D:\src\AOSP-openjdk-cygwin\jdk8u\hotspot\src\share\vm\classfile\systemDictionary.cpp, line 210]
Event: 24.356 Thread 0x0000000017637800 Exception <a 'java/lang/ClassNotFoundException': com/google/android/gms/dependencies/DependencyAnalyzerCustomizer> (0x00000000e24f1bf8) thrown at [D:\src\AOSP-openjdk-cygwin\jdk8u\hotspot\src\share\vm\classfile\systemDictionary.cpp, line 210]
Event: 24.365 Thread 0x0000000017637800 Exception <a 'java/lang/ClassNotFoundException': com/google/android/gms/dependencies/DependencyInspectorBeanInfo> (0x00000000e25621f8) thrown at [D:\src\AOSP-openjdk-cygwin\jdk8u\hotspot\src\share\vm\classfile\systemDictionary.cpp, line 210]
Event: 24.366 Thread 0x0000000017637800 Exception <a 'java/lang/ClassNotFoundException': com/google/android/gms/dependencies/DependencyInspectorCustomizer> (0x00000000e257cda8) thrown at [D:\src\AOSP-openjdk-cygwin\jdk8u\hotspot\src\share\vm\classfile\systemDictionary.cpp, line 210]
Event: 24.369 Thread 0x0000000017637800 Exception <a 'java/lang/ClassNotFoundException': org/gradle/invocation/DefaultGradle_DecoratedBeanInfo> (0x00000000e25d4278) thrown at [D:\src\AOSP-openjdk-cygwin\jdk8u\hotspot\src\share\vm\classfile\systemDictionary.cpp, line 210]
Event: 24.370 Thread 0x0000000017637800 Exception <a 'java/lang/ClassNotFoundException': org/gradle/invocation/DefaultGradleBeanInfo> (0x00000000e25e8450) thrown at [D:\src\AOSP-openjdk-cygwin\jdk8u\hotspot\src\share\vm\classfile\systemDictionary.cpp, line 210]
Event: 24.370 Thread 0x0000000017637800 Exception <a 'java/lang/ClassNotFoundException': org/gradle/invocation/DefaultGradleCustomizer> (0x00000000e25fcb78) thrown at [D:\src\AOSP-openjdk-cygwin\jdk8u\hotspot\src\share\vm\classfile\systemDictionary.cpp, line 210]
Event: 24.373 Thread 0x0000000017637800 Exception <a 'java/lang/ClassNotFoundException': org/gradle/invocation/DefaultGradle_DecoratedCustomizer> (0x00000000e2658210) thrown at [D:\src\AOSP-openjdk-cygwin\jdk8u\hotspot\src\share\vm\classfile\systemDictionary.cpp, line 210]
Event: 25.964 Thread 0x0000000017637800 Exception <a 'java/lang/ClassNotFoundException': com/sun/org/glassfish/hk2/osgiresourcelocator/ServiceLoader> (0x00000000e43a19a8) thrown at [D:\src\AOSP-openjdk-cygwin\jdk8u\hotspot\src\share\vm\classfile\systemDictionary.cpp, line 210]
Event: 26.675 Thread 0x0000000017637800 Exception <a 'java/lang/NullPointerException'> (0x00000000e0352278) thrown at [D:\src\AOSP-openjdk-cygwin\jdk8u\hotspot\src\share\vm\interpreter\linkResolver.cpp, line 1287]

Events (10 events):
Event: 28.176 Thread 0x0000000015c9d800 flushing nmethod 0x0000000002758510
Event: 28.182 Thread 0x0000000017510800 flushing nmethod 0x0000000002844610
Event: 28.198 Thread 0x0000000017510800 flushing nmethod 0x0000000002f88fd0
Event: 28.310 Thread 0x000000001b0de000 DEOPT PACKING pc=0x00000000027eb6e9 sp=0x000000002294d9a0
Event: 28.310 Thread 0x000000001b0de000 DEOPT UNPACKING pc=0x00000000023775d0 sp=0x000000002294d6e0 mode 0
Event: 28.760 Thread 0x000000001b0df800 Uncommon trap: trap_request=0xffffff65 fr.pc=0x0000000002f9acc4
Event: 28.760 Thread 0x000000001b0df800 DEOPT PACKING pc=0x0000000002f9acc4 sp=0x0000000022a4d170
Event: 28.760 Thread 0x000000001b0df800 DEOPT UNPACKING pc=0x000000000237557b sp=0x0000000022a4d0f0 mode 2
Event: 28.964 Thread 0x000000001b0df000 DEOPT PACKING pc=0x00000000035d8024 sp=0x0000000022b4d730
Event: 28.964 Thread 0x000000001b0df000 DEOPT UNPACKING pc=0x00000000023775d0 sp=0x0000000022b4d5e8 mode 0


Dynamic libraries:
0x00007ff6c1af0000 - 0x00007ff6c1b21000 	C:\Program Files\Android\Android Studio\jre\bin\java.exe
0x00007ffe5da80000 - 0x00007ffe5dc70000 	C:\WINDOWS\SYSTEM32\ntdll.dll
0x00007ffe5d550000 - 0x00007ffe5d602000 	C:\WINDOWS\System32\KERNEL32.DLL
0x00007ffe5b240000 - 0x00007ffe5b4e3000 	C:\WINDOWS\System32\KERNELBASE.dll
0x00007ffe5c3e0000 - 0x00007ffe5c483000 	C:\WINDOWS\System32\ADVAPI32.dll
0x00007ffe5bb80000 - 0x00007ffe5bc1e000 	C:\WINDOWS\System32\msvcrt.dll
0x00007ffe5d170000 - 0x00007ffe5d207000 	C:\WINDOWS\System32\sechost.dll
0x00007ffe5cc10000 - 0x00007ffe5cd30000 	C:\WINDOWS\System32\RPCRT4.dll
0x00007ffe5bc20000 - 0x00007ffe5bdb4000 	C:\WINDOWS\System32\USER32.dll
0x00007ffe5b7e0000 - 0x00007ffe5b801000 	C:\WINDOWS\System32\win32u.dll
0x00007ffe5c4f0000 - 0x00007ffe5c516000 	C:\WINDOWS\System32\GDI32.dll
0x00007ffe5b8b0000 - 0x00007ffe5ba44000 	C:\WINDOWS\System32\gdi32full.dll
0x00007ffe5b810000 - 0x00007ffe5b8ae000 	C:\WINDOWS\System32\msvcp_win.dll
0x00007ffe5b4f0000 - 0x00007ffe5b5ea000 	C:\WINDOWS\System32\ucrtbase.dll
0x00007ffe4e360000 - 0x00007ffe4e5e5000 	C:\WINDOWS\WinSxS\amd64_microsoft.windows.common-controls_6595b64144ccf1df_6.0.18362.592_none_e6c0b1911312be02\COMCTL32.dll
0x00007ffe5d210000 - 0x00007ffe5d546000 	C:\WINDOWS\System32\combase.dll
0x00007ffe5b160000 - 0x00007ffe5b1e0000 	C:\WINDOWS\System32\bcryptPrimitives.dll
0x00007ffe5d0a0000 - 0x00007ffe5d0ce000 	C:\WINDOWS\System32\IMM32.DLL
0x000000005cf10000 - 0x000000005cfe2000 	C:\Program Files\Android\Android Studio\jre\jre\bin\msvcr100.dll
0x000000005cff0000 - 0x000000005d836000 	C:\Program Files\Android\Android Studio\jre\jre\bin\server\jvm.dll
0x00007ffe5d140000 - 0x00007ffe5d148000 	C:\WINDOWS\System32\PSAPI.DLL
0x00007ffe571a0000 - 0x00007ffe571a9000 	C:\WINDOWS\SYSTEM32\WSOCK32.dll
0x00007ffe5ce00000 - 0x00007ffe5ce6f000 	C:\WINDOWS\System32\WS2_32.dll
0x00007ffe589d0000 - 0x00007ffe589f4000 	C:\WINDOWS\SYSTEM32\WINMM.dll
0x00007ffe54130000 - 0x00007ffe5413a000 	C:\WINDOWS\SYSTEM32\VERSION.dll
0x00007ffe588a0000 - 0x00007ffe588cd000 	C:\WINDOWS\SYSTEM32\WINMMBASE.dll
0x00007ffe5b5f0000 - 0x00007ffe5b63a000 	C:\WINDOWS\System32\cfgmgr32.dll
0x00007ffe4a260000 - 0x00007ffe4a26f000 	C:\Program Files\Android\Android Studio\jre\jre\bin\verify.dll
0x00007ffe43b00000 - 0x00007ffe43b29000 	C:\Program Files\Android\Android Studio\jre\jre\bin\java.dll
0x00007ffe4a240000 - 0x00007ffe4a256000 	C:\Program Files\Android\Android Studio\jre\jre\bin\zip.dll
0x00007ffe5c520000 - 0x00007ffe5cc05000 	C:\WINDOWS\System32\SHELL32.dll
0x00007ffe5cf30000 - 0x00007ffe5cfd9000 	C:\WINDOWS\System32\shcore.dll
0x00007ffe5a9e0000 - 0x00007ffe5b15f000 	C:\WINDOWS\System32\windows.storage.dll
0x00007ffe5a980000 - 0x00007ffe5a99f000 	C:\WINDOWS\System32\profapi.dll
0x00007ffe5a930000 - 0x00007ffe5a97a000 	C:\WINDOWS\System32\powrprof.dll
0x00007ffe5a920000 - 0x00007ffe5a930000 	C:\WINDOWS\System32\UMPDC.dll
0x00007ffe5ced0000 - 0x00007ffe5cf22000 	C:\WINDOWS\System32\shlwapi.dll
0x00007ffe5a9a0000 - 0x00007ffe5a9b1000 	C:\WINDOWS\System32\kernel.appcore.dll
0x00007ffe5b640000 - 0x00007ffe5b657000 	C:\WINDOWS\System32\cryptsp.dll
0x00007ffe46490000 - 0x00007ffe464aa000 	C:\Program Files\Android\Android Studio\jre\jre\bin\net.dll
0x00007ffe5a130000 - 0x00007ffe5a197000 	C:\WINDOWS\system32\mswsock.dll
0x00007ffe43b60000 - 0x00007ffe43b71000 	C:\Program Files\Android\Android Studio\jre\jre\bin\nio.dll
0x00007ffe2d170000 - 0x00007ffe2d196000 	C:\Users\bhoos\.gradle\native\29\windows-amd64\native-platform.dll
0x00007ffe488f0000 - 0x00007ffe488fd000 	C:\Program Files\Android\Android Studio\jre\jre\bin\management.dll
0x00007ffe59ca0000 - 0x00007ffe59cd3000 	C:\WINDOWS\system32\rsaenh.dll
0x00007ffe5b7b0000 - 0x00007ffe5b7d6000 	C:\WINDOWS\System32\bcrypt.dll
0x00007ffe5a840000 - 0x00007ffe5a865000 	C:\WINDOWS\SYSTEM32\USERENV.dll
0x00007ffe5a300000 - 0x00007ffe5a30c000 	C:\WINDOWS\SYSTEM32\CRYPTBASE.dll
0x00007ffe59e40000 - 0x00007ffe59e7a000 	C:\WINDOWS\SYSTEM32\IPHLPAPI.DLL
0x00007ffe5d750000 - 0x00007ffe5d758000 	C:\WINDOWS\System32\NSI.dll
0x00007ffe53fc0000 - 0x00007ffe53fd6000 	C:\WINDOWS\SYSTEM32\dhcpcsvc6.DLL
0x00007ffe54180000 - 0x00007ffe5419c000 	C:\WINDOWS\SYSTEM32\dhcpcsvc.DLL
0x00007ffe59e80000 - 0x00007ffe59f4a000 	C:\WINDOWS\SYSTEM32\DNSAPI.dll

VM Arguments:
jvm_args: -Xmx1536m -Dfile.encoding=windows-1252 -Duser.country=IN -Duser.language=en -Duser.variant 
java_command: org.gradle.launcher.daemon.bootstrap.GradleDaemon 5.4.1
java_class_path (initial): C:\Users\bhoos\.gradle\wrapper\dists\gradle-5.4.1-all\3221gyojl5jsh0helicew7rwx\gradle-5.4.1\lib\gradle-launcher-5.4.1.jar
Launcher Type: SUN_STANDARD

Environment Variables:
PATH=C:\WINDOWS\system32;C:\WINDOWS;C:\WINDOWS\System32\Wbem;C:\WINDOWS\System32\WindowsPowerShell\v1.0\;C:\WINDOWS\System32\OpenSSH\;C:\Users\bhoos\AppData\Local\Programs\Python\Python38\Scripts\;C:\Users\bhoos\AppData\Local\Programs\Python\Python38\;C:\Users\bhoos\AppData\Local\Microsoft\WindowsApps;;C:\Users\bhoos\AppData\Local\Programs\Microsoft VS Code\bin;C:\Program Files\JetBrains\IntelliJ IDEA Community Edition 2019.3.1\bin;
USERNAME=bhoos
OS=Windows_NT
PROCESSOR_IDENTIFIER=Intel64 Family 6 Model 58 Stepping 9, GenuineIntel



---------------  S Y S T E M  ---------------

OS: Windows 10.0 , 64 bit Build 18362 (10.0.18362.329)

CPU:total 4 (initial active 4) (2 cores per cpu, 2 threads per core) family 6 model 58 stepping 9, cmov, cx8, fxsr, mmx, sse, sse2, sse3, ssse3, sse4.1, sse4.2, popcnt, avx, aes, clmul, erms, ht, tsc, tscinvbit, tscinv

Memory: 4k page, physical 8223080k(384528k free), swap 30749124k(2768k free)

vm_info: OpenJDK 64-Bit Server VM (25.202-b03) for windows-amd64 JRE (1.8.0_202-release-1483-b03), built by "builder" with MS VC++ 10.0 (VS2010)

time: Fri Jan 31 03:25:35 2020
timezone: India Standard Time
elapsed time: 29 seconds (0d 0h 0m 29s)

